<?xml version="1.0" encoding="UTF-8"?>
<coverage generated="1570064930713" clover="3.2.0">
  <project timestamp="1570064930713" name="All files">
    <metrics statements="89" coveredstatements="89" conditionals="55" coveredconditionals="54" methods="15" coveredmethods="15" elements="159" coveredelements="158" complexity="0" loc="89" ncloc="89" packages="2" files="5" classes="5"/>
    <package name="InputForm">
      <metrics statements="10" coveredstatements="10" conditionals="7" coveredconditionals="7" methods="7" coveredmethods="7"/>
      <file name="InputForm.js" path="/Users/Allen/Desktop/pacman/src/components/InputForm/InputForm.js">
        <metrics statements="10" coveredstatements="10" conditionals="7" coveredconditionals="7" methods="7" coveredmethods="7"/>
        <line num="8" count="1" type="stmt"/>
        <line num="19" count="6" type="stmt"/>
        <line num="35" count="1" type="stmt"/>
        <line num="63" count="6" type="stmt"/>
        <line num="72" count="3" type="stmt"/>
        <line num="74" count="1" type="stmt"/>
        <line num="75" count="1" type="stmt"/>
        <line num="78" count="1" type="stmt"/>
        <line num="81" count="1" type="stmt"/>
        <line num="85" count="1" type="stmt"/>
      </file>
    </package>
    <package name="InputForm.store">
      <metrics statements="79" coveredstatements="79" conditionals="48" coveredconditionals="47" methods="8" coveredmethods="8"/>
      <file name="actionCreators.js" path="/Users/Allen/Desktop/pacman/src/components/InputForm/store/actionCreators.js">
        <metrics statements="68" coveredstatements="68" conditionals="42" coveredconditionals="41" methods="7" coveredmethods="7"/>
        <line num="4" count="3" type="stmt"/>
        <line num="10" count="3" type="stmt"/>
        <line num="16" count="3" type="stmt"/>
        <line num="18" count="3" type="stmt"/>
        <line num="20" count="107" type="cond" truecount="2" falsecount="0"/>
        <line num="21" count="7" type="cond" truecount="4" falsecount="0"/>
        <line num="23" count="1" type="stmt"/>
        <line num="24" count="1" type="stmt"/>
        <line num="26" count="2" type="stmt"/>
        <line num="27" count="2" type="stmt"/>
        <line num="29" count="2" type="stmt"/>
        <line num="30" count="2" type="stmt"/>
        <line num="32" count="2" type="stmt"/>
        <line num="33" count="2" type="stmt"/>
        <line num="38" count="107" type="cond" truecount="2" falsecount="0"/>
        <line num="39" count="8" type="cond" truecount="4" falsecount="0"/>
        <line num="41" count="1" type="stmt"/>
        <line num="42" count="1" type="stmt"/>
        <line num="44" count="2" type="stmt"/>
        <line num="45" count="2" type="stmt"/>
        <line num="47" count="3" type="stmt"/>
        <line num="48" count="3" type="stmt"/>
        <line num="50" count="2" type="stmt"/>
        <line num="51" count="2" type="stmt"/>
        <line num="59" count="107" type="cond" truecount="2" falsecount="0"/>
        <line num="60" count="30" type="cond" truecount="4" falsecount="0"/>
        <line num="62" count="11" type="cond" truecount="2" falsecount="0"/>
        <line num="63" count="5" type="stmt"/>
        <line num="65" count="6" type="stmt"/>
        <line num="66" count="6" type="stmt"/>
        <line num="69" count="8" type="cond" truecount="2" falsecount="0"/>
        <line num="70" count="2" type="stmt"/>
        <line num="72" count="6" type="stmt"/>
        <line num="73" count="6" type="stmt"/>
        <line num="76" count="5" type="cond" truecount="2" falsecount="0"/>
        <line num="77" count="1" type="stmt"/>
        <line num="79" count="4" type="stmt"/>
        <line num="80" count="4" type="stmt"/>
        <line num="83" count="6" type="cond" truecount="2" falsecount="0"/>
        <line num="84" count="1" type="stmt"/>
        <line num="86" count="5" type="stmt"/>
        <line num="87" count="5" type="stmt"/>
        <line num="93" count="107" type="cond" truecount="2" falsecount="0"/>
        <line num="94" count="2" type="stmt"/>
        <line num="99" count="3" type="stmt"/>
        <line num="100" count="6" type="stmt"/>
        <line num="102" count="5" type="stmt"/>
        <line num="110" count="5" type="stmt"/>
        <line num="111" count="5" type="cond" truecount="2" falsecount="0"/>
        <line num="112" count="1" type="stmt"/>
        <line num="113" count="1" type="stmt"/>
        <line num="117" count="4" type="stmt"/>
        <line num="123" count="4" type="stmt"/>
        <line num="124" count="4" type="cond" truecount="1" falsecount="1"/>
        <line num="125" count="4" type="stmt"/>
        <line num="133" count="4" type="stmt"/>
        <line num="135" count="4" type="stmt"/>
        <line num="136" count="4" type="cond" truecount="2" falsecount="0"/>
        <line num="144" count="3" type="stmt"/>
        <line num="152" count="1" type="stmt"/>
        <line num="155" count="1" type="stmt"/>
        <line num="159" count="3" type="stmt"/>
        <line num="162" count="3" type="cond" truecount="2" falsecount="0"/>
        <line num="163" count="2" type="stmt"/>
        <line num="165" count="1" type="stmt"/>
        <line num="172" count="3" type="stmt"/>
        <line num="173" count="3" type="stmt"/>
        <line num="179" count="3" type="stmt"/>
      </file>
      <file name="constants.js" path="/Users/Allen/Desktop/pacman/src/components/InputForm/store/constants.js">
        <metrics statements="4" coveredstatements="4" conditionals="0" coveredconditionals="0" methods="0" coveredmethods="0"/>
        <line num="1" count="3" type="stmt"/>
        <line num="2" count="3" type="stmt"/>
        <line num="3" count="3" type="stmt"/>
        <line num="4" count="3" type="stmt"/>
      </file>
      <file name="index.js" path="/Users/Allen/Desktop/pacman/src/components/InputForm/store/index.js">
        <metrics statements="0" coveredstatements="0" conditionals="0" coveredconditionals="0" methods="0" coveredmethods="0"/>
      </file>
      <file name="reducer.js" path="/Users/Allen/Desktop/pacman/src/components/InputForm/store/reducer.js">
        <metrics statements="7" coveredstatements="7" conditionals="6" coveredconditionals="6" methods="1" coveredmethods="1"/>
        <line num="4" count="3" type="stmt"/>
        <line num="14" count="5" type="cond" truecount="5" falsecount="0"/>
        <line num="16" count="1" type="stmt"/>
        <line num="19" count="1" type="stmt"/>
        <line num="25" count="1" type="stmt"/>
        <line num="28" count="1" type="stmt"/>
        <line num="31" count="1" type="stmt"/>
      </file>
    </package>
  </project>
</coverage>
