{"/Users/Allen/Desktop/pacman/src/components/InputForm/InputForm.js": {"path":"/Users/Allen/Desktop/pacman/src/components/InputForm/InputForm.js","statementMap":{"0":{"start":{"line":8,"column":25},"end":{"line":80,"column":1}},"1":{"start":{"line":19,"column":2},"end":{"line":79,"column":4}},"2":{"start":{"line":54,"column":28},"end":{"line":54,"column":61}},"3":{"start":{"line":82,"column":31},"end":{"line":89,"column":2}},"4":{"start":{"line":82,"column":41},"end":{"line":89,"column":1}},"5":{"start":{"line":91,"column":34},"end":{"line":102,"column":2}},"6":{"start":{"line":91,"column":47},"end":{"line":102,"column":1}},"7":{"start":{"line":93,"column":4},"end":{"line":93,"column":20}},"8":{"start":{"line":94,"column":4},"end":{"line":94,"column":60}},"9":{"start":{"line":97,"column":4},"end":{"line":97,"column":69}},"10":{"start":{"line":100,"column":4},"end":{"line":100,"column":49}},"11":{"start":{"line":104,"column":0},"end":{"line":114,"column":2}}},"fnMap":{"0":{"name":"(anonymous_0)","decl":{"start":{"line":8,"column":25},"end":{"line":8,"column":26}},"loc":{"start":{"line":18,"column":6},"end":{"line":80,"column":1}},"line":18},"1":{"name":"(anonymous_1)","decl":{"start":{"line":54,"column":22},"end":{"line":54,"column":23}},"loc":{"start":{"line":54,"column":28},"end":{"line":54,"column":61}},"line":54},"2":{"name":"(anonymous_2)","decl":{"start":{"line":82,"column":31},"end":{"line":82,"column":32}},"loc":{"start":{"line":82,"column":41},"end":{"line":89,"column":1}},"line":82},"3":{"name":"(anonymous_3)","decl":{"start":{"line":91,"column":34},"end":{"line":91,"column":35}},"loc":{"start":{"line":91,"column":47},"end":{"line":102,"column":1}},"line":91},"4":{"name":"(anonymous_4)","decl":{"start":{"line":92,"column":2},"end":{"line":92,"column":3}},"loc":{"start":{"line":92,"column":27},"end":{"line":95,"column":3}},"line":92},"5":{"name":"(anonymous_5)","decl":{"start":{"line":96,"column":2},"end":{"line":96,"column":3}},"loc":{"start":{"line":96,"column":36},"end":{"line":98,"column":3}},"line":96},"6":{"name":"(anonymous_6)","decl":{"start":{"line":99,"column":2},"end":{"line":99,"column":3}},"loc":{"start":{"line":99,"column":22},"end":{"line":101,"column":3}},"line":99}},"branchMap":{"0":{"loc":{"start":{"line":69,"column":26},"end":{"line":69,"column":46}},"type":"cond-expr","locations":[{"start":{"line":69,"column":34},"end":{"line":69,"column":41}},{"start":{"line":69,"column":44},"end":{"line":69,"column":46}}],"line":69},"1":{"loc":{"start":{"line":71,"column":9},"end":{"line":75,"column":9}},"type":"binary-expr","locations":[{"start":{"line":71,"column":9},"end":{"line":71,"column":19}},{"start":{"line":71,"column":23},"end":{"line":71,"column":29}},{"start":{"line":72,"column":10},"end":{"line":74,"column":14}}],"line":71},"2":{"loc":{"start":{"line":76,"column":9},"end":{"line":76,"column":32}},"type":"binary-expr","locations":[{"start":{"line":76,"column":9},"end":{"line":76,"column":14}},{"start":{"line":76,"column":18},"end":{"line":76,"column":32}}],"line":76}},"s":{"0":1,"1":6,"2":1,"3":1,"4":6,"5":1,"6":3,"7":1,"8":1,"9":1,"10":1,"11":1},"f":{"0":6,"1":1,"2":6,"3":3,"4":1,"5":1,"6":1},"b":{"0":[3,3],"1":[6,6,3],"2":[6,3]},"_coverageSchema":"43e27e138ebf9cfc5966b082cf9a028302ed4184","hash":"24dfe7fde9fdfcf5272d29b0c210c58d098368b3"}
,"/Users/Allen/Desktop/pacman/src/components/InputForm/store/actionCreators.js": {"path":"/Users/Allen/Desktop/pacman/src/components/InputForm/store/actionCreators.js","statementMap":{"0":{"start":{"line":4,"column":39},"end":{"line":7,"column":2}},"1":{"start":{"line":4,"column":51},"end":{"line":7,"column":1}},"2":{"start":{"line":10,"column":26},"end":{"line":13,"column":2}},"3":{"start":{"line":10,"column":47},"end":{"line":13,"column":1}},"4":{"start":{"line":16,"column":27},"end":{"line":19,"column":2}},"5":{"start":{"line":16,"column":39},"end":{"line":19,"column":1}},"6":{"start":{"line":22,"column":23},"end":{"line":106,"column":1}},"7":{"start":{"line":23,"column":22},"end":{"line":23,"column":36}},"8":{"start":{"line":26,"column":2},"end":{"line":105,"column":3}},"9":{"start":{"line":26,"column":15},"end":{"line":26,"column":16}},"10":{"start":{"line":28,"column":4},"end":{"line":44,"column":5}},"11":{"start":{"line":30,"column":6},"end":{"line":43,"column":7}},"12":{"start":{"line":32,"column":10},"end":{"line":32,"column":44}},"13":{"start":{"line":33,"column":10},"end":{"line":33,"column":16}},"14":{"start":{"line":35,"column":10},"end":{"line":35,"column":44}},"15":{"start":{"line":36,"column":10},"end":{"line":36,"column":16}},"16":{"start":{"line":38,"column":10},"end":{"line":38,"column":45}},"17":{"start":{"line":39,"column":10},"end":{"line":39,"column":16}},"18":{"start":{"line":41,"column":10},"end":{"line":41,"column":45}},"19":{"start":{"line":42,"column":10},"end":{"line":42,"column":16}},"20":{"start":{"line":47,"column":4},"end":{"line":62,"column":5}},"21":{"start":{"line":48,"column":6},"end":{"line":61,"column":7}},"22":{"start":{"line":50,"column":10},"end":{"line":50,"column":44}},"23":{"start":{"line":51,"column":10},"end":{"line":51,"column":16}},"24":{"start":{"line":53,"column":10},"end":{"line":53,"column":44}},"25":{"start":{"line":54,"column":10},"end":{"line":54,"column":16}},"26":{"start":{"line":56,"column":10},"end":{"line":56,"column":45}},"27":{"start":{"line":57,"column":10},"end":{"line":57,"column":16}},"28":{"start":{"line":59,"column":10},"end":{"line":59,"column":45}},"29":{"start":{"line":60,"column":10},"end":{"line":60,"column":16}},"30":{"start":{"line":68,"column":4},"end":{"line":99,"column":5}},"31":{"start":{"line":69,"column":6},"end":{"line":98,"column":7}},"32":{"start":{"line":71,"column":10},"end":{"line":76,"column":11}},"33":{"start":{"line":72,"column":12},"end":{"line":72,"column":18}},"34":{"start":{"line":74,"column":12},"end":{"line":74,"column":39}},"35":{"start":{"line":75,"column":12},"end":{"line":75,"column":18}},"36":{"start":{"line":78,"column":10},"end":{"line":83,"column":11}},"37":{"start":{"line":79,"column":12},"end":{"line":79,"column":18}},"38":{"start":{"line":81,"column":12},"end":{"line":81,"column":39}},"39":{"start":{"line":82,"column":12},"end":{"line":82,"column":18}},"40":{"start":{"line":85,"column":10},"end":{"line":90,"column":11}},"41":{"start":{"line":86,"column":12},"end":{"line":86,"column":18}},"42":{"start":{"line":88,"column":12},"end":{"line":88,"column":39}},"43":{"start":{"line":89,"column":12},"end":{"line":89,"column":18}},"44":{"start":{"line":92,"column":10},"end":{"line":97,"column":11}},"45":{"start":{"line":93,"column":12},"end":{"line":93,"column":18}},"46":{"start":{"line":95,"column":12},"end":{"line":95,"column":39}},"47":{"start":{"line":96,"column":12},"end":{"line":96,"column":18}},"48":{"start":{"line":102,"column":4},"end":{"line":104,"column":5}},"49":{"start":{"line":103,"column":6},"end":{"line":103,"column":25}},"50":{"start":{"line":109,"column":40},"end":{"line":176,"column":1}},"51":{"start":{"line":109,"column":59},"end":{"line":176,"column":1}},"52":{"start":{"line":111,"column":23},"end":{"line":116,"column":3}},"53":{"start":{"line":119,"column":19},"end":{"line":119,"column":46}},"54":{"start":{"line":120,"column":2},"end":{"line":123,"column":3}},"55":{"start":{"line":121,"column":4},"end":{"line":121,"column":70}},"56":{"start":{"line":122,"column":4},"end":{"line":122,"column":11}},"57":{"start":{"line":126,"column":23},"end":{"line":129,"column":15}},"58":{"start":{"line":132,"column":25},"end":{"line":132,"column":60}},"59":{"start":{"line":133,"column":2},"end":{"line":135,"column":3}},"60":{"start":{"line":134,"column":4},"end":{"line":134,"column":58}},"61":{"start":{"line":142,"column":24},"end":{"line":142,"column":52}},"62":{"start":{"line":143,"column":2},"end":{"line":163,"column":3}},"63":{"start":{"line":151,"column":4},"end":{"line":156,"column":6}},"64":{"start":{"line":159,"column":4},"end":{"line":161,"column":6}},"65":{"start":{"line":162,"column":4},"end":{"line":162,"column":11}},"66":{"start":{"line":166,"column":2},"end":{"line":166,"column":66}},"67":{"start":{"line":169,"column":2},"end":{"line":175,"column":3}},"68":{"start":{"line":170,"column":4},"end":{"line":170,"column":48}},"69":{"start":{"line":172,"column":4},"end":{"line":174,"column":6}},"70":{"start":{"line":178,"column":33},"end":{"line":180,"column":2}},"71":{"start":{"line":178,"column":40},"end":{"line":180,"column":1}}},"fnMap":{"0":{"name":"(anonymous_0)","decl":{"start":{"line":4,"column":39},"end":{"line":4,"column":40}},"loc":{"start":{"line":4,"column":51},"end":{"line":7,"column":1}},"line":4},"1":{"name":"(anonymous_1)","decl":{"start":{"line":10,"column":26},"end":{"line":10,"column":27}},"loc":{"start":{"line":10,"column":47},"end":{"line":13,"column":1}},"line":10},"2":{"name":"(anonymous_2)","decl":{"start":{"line":16,"column":27},"end":{"line":16,"column":28}},"loc":{"start":{"line":16,"column":39},"end":{"line":19,"column":1}},"line":16},"3":{"name":"(anonymous_3)","decl":{"start":{"line":22,"column":23},"end":{"line":22,"column":24}},"loc":{"start":{"line":22,"column":59},"end":{"line":106,"column":1}},"line":22},"4":{"name":"(anonymous_4)","decl":{"start":{"line":109,"column":40},"end":{"line":109,"column":41}},"loc":{"start":{"line":109,"column":59},"end":{"line":176,"column":1}},"line":109},"5":{"name":"(anonymous_5)","decl":{"start":{"line":109,"column":59},"end":{"line":109,"column":60}},"loc":{"start":{"line":109,"column":73},"end":{"line":176,"column":1}},"line":109},"6":{"name":"(anonymous_6)","decl":{"start":{"line":178,"column":33},"end":{"line":178,"column":34}},"loc":{"start":{"line":178,"column":40},"end":{"line":180,"column":1}},"line":178}},"branchMap":{"0":{"loc":{"start":{"line":28,"column":4},"end":{"line":44,"column":5}},"type":"if","locations":[{"start":{"line":28,"column":4},"end":{"line":44,"column":5}},{"start":{"line":28,"column":4},"end":{"line":44,"column":5}}],"line":28},"1":{"loc":{"start":{"line":30,"column":6},"end":{"line":43,"column":7}},"type":"switch","locations":[{"start":{"line":31,"column":8},"end":{"line":33,"column":16}},{"start":{"line":34,"column":8},"end":{"line":36,"column":16}},{"start":{"line":37,"column":8},"end":{"line":39,"column":16}},{"start":{"line":40,"column":8},"end":{"line":42,"column":16}}],"line":30},"2":{"loc":{"start":{"line":47,"column":4},"end":{"line":62,"column":5}},"type":"if","locations":[{"start":{"line":47,"column":4},"end":{"line":62,"column":5}},{"start":{"line":47,"column":4},"end":{"line":62,"column":5}}],"line":47},"3":{"loc":{"start":{"line":48,"column":6},"end":{"line":61,"column":7}},"type":"switch","locations":[{"start":{"line":49,"column":8},"end":{"line":51,"column":16}},{"start":{"line":52,"column":8},"end":{"line":54,"column":16}},{"start":{"line":55,"column":8},"end":{"line":57,"column":16}},{"start":{"line":58,"column":8},"end":{"line":60,"column":16}}],"line":48},"4":{"loc":{"start":{"line":68,"column":4},"end":{"line":99,"column":5}},"type":"if","locations":[{"start":{"line":68,"column":4},"end":{"line":99,"column":5}},{"start":{"line":68,"column":4},"end":{"line":99,"column":5}}],"line":68},"5":{"loc":{"start":{"line":69,"column":6},"end":{"line":98,"column":7}},"type":"switch","locations":[{"start":{"line":70,"column":8},"end":{"line":76,"column":11}},{"start":{"line":77,"column":8},"end":{"line":83,"column":11}},{"start":{"line":84,"column":8},"end":{"line":90,"column":11}},{"start":{"line":91,"column":8},"end":{"line":97,"column":11}}],"line":69},"6":{"loc":{"start":{"line":71,"column":10},"end":{"line":76,"column":11}},"type":"if","locations":[{"start":{"line":71,"column":10},"end":{"line":76,"column":11}},{"start":{"line":71,"column":10},"end":{"line":76,"column":11}}],"line":71},"7":{"loc":{"start":{"line":78,"column":10},"end":{"line":83,"column":11}},"type":"if","locations":[{"start":{"line":78,"column":10},"end":{"line":83,"column":11}},{"start":{"line":78,"column":10},"end":{"line":83,"column":11}}],"line":78},"8":{"loc":{"start":{"line":85,"column":10},"end":{"line":90,"column":11}},"type":"if","locations":[{"start":{"line":85,"column":10},"end":{"line":90,"column":11}},{"start":{"line":85,"column":10},"end":{"line":90,"column":11}}],"line":85},"9":{"loc":{"start":{"line":92,"column":10},"end":{"line":97,"column":11}},"type":"if","locations":[{"start":{"line":92,"column":10},"end":{"line":97,"column":11}},{"start":{"line":92,"column":10},"end":{"line":97,"column":11}}],"line":92},"10":{"loc":{"start":{"line":102,"column":4},"end":{"line":104,"column":5}},"type":"if","locations":[{"start":{"line":102,"column":4},"end":{"line":104,"column":5}},{"start":{"line":102,"column":4},"end":{"line":104,"column":5}}],"line":102},"11":{"loc":{"start":{"line":120,"column":2},"end":{"line":123,"column":3}},"type":"if","locations":[{"start":{"line":120,"column":2},"end":{"line":123,"column":3}},{"start":{"line":120,"column":2},"end":{"line":123,"column":3}}],"line":120},"12":{"loc":{"start":{"line":133,"column":2},"end":{"line":135,"column":3}},"type":"if","locations":[{"start":{"line":133,"column":2},"end":{"line":135,"column":3}},{"start":{"line":133,"column":2},"end":{"line":135,"column":3}}],"line":133},"13":{"loc":{"start":{"line":143,"column":2},"end":{"line":163,"column":3}},"type":"if","locations":[{"start":{"line":143,"column":2},"end":{"line":163,"column":3}},{"start":{"line":143,"column":2},"end":{"line":163,"column":3}}],"line":143},"14":{"loc":{"start":{"line":144,"column":4},"end":{"line":149,"column":33}},"type":"binary-expr","locations":[{"start":{"line":144,"column":4},"end":{"line":144,"column":25}},{"start":{"line":145,"column":7},"end":{"line":145,"column":28}},{"start":{"line":146,"column":7},"end":{"line":146,"column":28}},{"start":{"line":147,"column":7},"end":{"line":147,"column":28}},{"start":{"line":148,"column":7},"end":{"line":148,"column":74}},{"start":{"line":149,"column":7},"end":{"line":149,"column":33}}],"line":144},"15":{"loc":{"start":{"line":169,"column":2},"end":{"line":175,"column":3}},"type":"if","locations":[{"start":{"line":169,"column":2},"end":{"line":175,"column":3}},{"start":{"line":169,"column":2},"end":{"line":175,"column":3}}],"line":169}},"s":{"0":3,"1":3,"2":3,"3":2,"4":3,"5":3,"6":3,"7":3,"8":3,"9":3,"10":107,"11":7,"12":1,"13":1,"14":2,"15":2,"16":2,"17":2,"18":2,"19":2,"20":107,"21":8,"22":1,"23":1,"24":2,"25":2,"26":3,"27":3,"28":2,"29":2,"30":107,"31":30,"32":11,"33":5,"34":6,"35":6,"36":8,"37":2,"38":6,"39":6,"40":5,"41":1,"42":4,"43":4,"44":6,"45":1,"46":5,"47":5,"48":107,"49":2,"50":3,"51":6,"52":5,"53":5,"54":5,"55":1,"56":1,"57":4,"58":4,"59":4,"60":4,"61":4,"62":4,"63":3,"64":1,"65":1,"66":3,"67":3,"68":2,"69":1,"70":3,"71":3},"f":{"0":3,"1":2,"2":3,"3":3,"4":6,"5":5,"6":3},"b":{"0":[7,100],"1":[1,2,2,2],"2":[8,99],"3":[1,2,3,2],"4":[30,77],"5":[11,8,5,6],"6":[5,6],"7":[2,6],"8":[1,4],"9":[1,5],"10":[2,105],"11":[1,4],"12":[4,0],"13":[3,1],"14":[4,4,4,3,3,3],"15":[2,1]},"_coverageSchema":"43e27e138ebf9cfc5966b082cf9a028302ed4184","hash":"cc1a122fb1447098d9c47426e952a3b7e4b11bb8"}
,"/Users/Allen/Desktop/pacman/src/components/InputForm/store/constants.js": {"path":"/Users/Allen/Desktop/pacman/src/components/InputForm/store/constants.js","statementMap":{"0":{"start":{"line":1,"column":34},"end":{"line":1,"column":52}},"1":{"start":{"line":2,"column":36},"end":{"line":2,"column":56}},"2":{"start":{"line":3,"column":36},"end":{"line":3,"column":56}},"3":{"start":{"line":4,"column":27},"end":{"line":4,"column":39}}},"fnMap":{},"branchMap":{},"s":{"0":3,"1":3,"2":3,"3":3},"f":{},"b":{},"_coverageSchema":"43e27e138ebf9cfc5966b082cf9a028302ed4184","hash":"9c95acf5c8ed2b0f4d0b1e561f1fbc32edd03814"}
,"/Users/Allen/Desktop/pacman/src/components/InputForm/store/index.js": {"path":"/Users/Allen/Desktop/pacman/src/components/InputForm/store/index.js","statementMap":{},"fnMap":{},"branchMap":{},"s":{},"f":{},"b":{},"_coverageSchema":"43e27e138ebf9cfc5966b082cf9a028302ed4184","hash":"868dac28bfb5eaaa0b662972b9fab87b5eb3edb7"}
,"/Users/Allen/Desktop/pacman/src/components/InputForm/store/reducer.js": {"path":"/Users/Allen/Desktop/pacman/src/components/InputForm/store/reducer.js","statementMap":{"0":{"start":{"line":4,"column":21},"end":{"line":11,"column":2}},"1":{"start":{"line":14,"column":2},"end":{"line":32,"column":3}},"2":{"start":{"line":16,"column":6},"end":{"line":16,"column":67}},"3":{"start":{"line":19,"column":6},"end":{"line":22,"column":9}},"4":{"start":{"line":25,"column":6},"end":{"line":25,"column":46}},"5":{"start":{"line":28,"column":6},"end":{"line":28,"column":26}},"6":{"start":{"line":31,"column":6},"end":{"line":31,"column":19}}},"fnMap":{"0":{"name":"(anonymous_0)","decl":{"start":{"line":13,"column":15},"end":{"line":13,"column":16}},"loc":{"start":{"line":13,"column":49},"end":{"line":33,"column":1}},"line":13}},"branchMap":{"0":{"loc":{"start":{"line":13,"column":16},"end":{"line":13,"column":36}},"type":"default-arg","locations":[{"start":{"line":13,"column":24},"end":{"line":13,"column":36}}],"line":13},"1":{"loc":{"start":{"line":14,"column":2},"end":{"line":32,"column":3}},"type":"switch","locations":[{"start":{"line":15,"column":4},"end":{"line":16,"column":67}},{"start":{"line":18,"column":4},"end":{"line":22,"column":9}},{"start":{"line":24,"column":4},"end":{"line":25,"column":46}},{"start":{"line":27,"column":4},"end":{"line":28,"column":26}},{"start":{"line":30,"column":4},"end":{"line":31,"column":19}}],"line":14}},"s":{"0":3,"1":5,"2":1,"3":1,"4":1,"5":1,"6":1},"f":{"0":5},"b":{"0":[1],"1":[1,1,1,1,1]},"_coverageSchema":"43e27e138ebf9cfc5966b082cf9a028302ed4184","hash":"f6350ac2abe107b3e09ab7ab10618d92c50f434a"}
}
