{"/Users/Allen/Desktop/pacman/src/components/InputForm/InputForm.js": {"path":"/Users/Allen/Desktop/pacman/src/components/InputForm/InputForm.js","statementMap":{"0":{"start":{"line":8,"column":25},"end":{"line":61,"column":1}},"1":{"start":{"line":19,"column":2},"end":{"line":60,"column":4}},"2":{"start":{"line":35,"column":28},"end":{"line":35,"column":61}},"3":{"start":{"line":63,"column":31},"end":{"line":70,"column":2}},"4":{"start":{"line":63,"column":41},"end":{"line":70,"column":1}},"5":{"start":{"line":72,"column":34},"end":{"line":83,"column":2}},"6":{"start":{"line":72,"column":47},"end":{"line":83,"column":1}},"7":{"start":{"line":74,"column":4},"end":{"line":74,"column":20}},"8":{"start":{"line":75,"column":4},"end":{"line":75,"column":60}},"9":{"start":{"line":78,"column":4},"end":{"line":78,"column":69}},"10":{"start":{"line":81,"column":4},"end":{"line":81,"column":49}},"11":{"start":{"line":85,"column":0},"end":{"line":95,"column":2}}},"fnMap":{"0":{"name":"(anonymous_0)","decl":{"start":{"line":8,"column":25},"end":{"line":8,"column":26}},"loc":{"start":{"line":18,"column":6},"end":{"line":61,"column":1}},"line":18},"1":{"name":"(anonymous_1)","decl":{"start":{"line":35,"column":22},"end":{"line":35,"column":23}},"loc":{"start":{"line":35,"column":28},"end":{"line":35,"column":61}},"line":35},"2":{"name":"(anonymous_2)","decl":{"start":{"line":63,"column":31},"end":{"line":63,"column":32}},"loc":{"start":{"line":63,"column":41},"end":{"line":70,"column":1}},"line":63},"3":{"name":"(anonymous_3)","decl":{"start":{"line":72,"column":34},"end":{"line":72,"column":35}},"loc":{"start":{"line":72,"column":47},"end":{"line":83,"column":1}},"line":72},"4":{"name":"(anonymous_4)","decl":{"start":{"line":73,"column":2},"end":{"line":73,"column":3}},"loc":{"start":{"line":73,"column":27},"end":{"line":76,"column":3}},"line":73},"5":{"name":"(anonymous_5)","decl":{"start":{"line":77,"column":2},"end":{"line":77,"column":3}},"loc":{"start":{"line":77,"column":36},"end":{"line":79,"column":3}},"line":77},"6":{"name":"(anonymous_6)","decl":{"start":{"line":80,"column":2},"end":{"line":80,"column":3}},"loc":{"start":{"line":80,"column":22},"end":{"line":82,"column":3}},"line":80}},"branchMap":{"0":{"loc":{"start":{"line":50,"column":26},"end":{"line":50,"column":46}},"type":"cond-expr","locations":[{"start":{"line":50,"column":34},"end":{"line":50,"column":41}},{"start":{"line":50,"column":44},"end":{"line":50,"column":46}}],"line":50},"1":{"loc":{"start":{"line":52,"column":9},"end":{"line":56,"column":9}},"type":"binary-expr","locations":[{"start":{"line":52,"column":9},"end":{"line":52,"column":19}},{"start":{"line":52,"column":23},"end":{"line":52,"column":29}},{"start":{"line":53,"column":10},"end":{"line":55,"column":14}}],"line":52},"2":{"loc":{"start":{"line":57,"column":9},"end":{"line":57,"column":32}},"type":"binary-expr","locations":[{"start":{"line":57,"column":9},"end":{"line":57,"column":14}},{"start":{"line":57,"column":18},"end":{"line":57,"column":32}}],"line":57}},"s":{"0":1,"1":6,"2":1,"3":1,"4":6,"5":1,"6":3,"7":1,"8":1,"9":1,"10":1,"11":1},"f":{"0":6,"1":1,"2":6,"3":3,"4":1,"5":1,"6":1},"b":{"0":[3,3],"1":[6,6,3],"2":[6,3]},"_coverageSchema":"43e27e138ebf9cfc5966b082cf9a028302ed4184","hash":"50136344a089a38227acf8c9efea9a803e567dc9"}
,"/Users/Allen/Desktop/pacman/src/components/InputForm/store/actionCreators.js": {"path":"/Users/Allen/Desktop/pacman/src/components/InputForm/store/actionCreators.js","statementMap":{"0":{"start":{"line":4,"column":39},"end":{"line":7,"column":2}},"1":{"start":{"line":4,"column":49},"end":{"line":7,"column":1}},"2":{"start":{"line":10,"column":26},"end":{"line":13,"column":2}},"3":{"start":{"line":10,"column":45},"end":{"line":13,"column":1}},"4":{"start":{"line":16,"column":23},"end":{"line":97,"column":1}},"5":{"start":{"line":18,"column":2},"end":{"line":96,"column":3}},"6":{"start":{"line":18,"column":15},"end":{"line":18,"column":16}},"7":{"start":{"line":20,"column":4},"end":{"line":35,"column":5}},"8":{"start":{"line":21,"column":6},"end":{"line":34,"column":7}},"9":{"start":{"line":23,"column":10},"end":{"line":23,"column":47}},"10":{"start":{"line":24,"column":10},"end":{"line":24,"column":16}},"11":{"start":{"line":26,"column":10},"end":{"line":26,"column":47}},"12":{"start":{"line":27,"column":10},"end":{"line":27,"column":16}},"13":{"start":{"line":29,"column":10},"end":{"line":29,"column":48}},"14":{"start":{"line":30,"column":10},"end":{"line":30,"column":16}},"15":{"start":{"line":32,"column":10},"end":{"line":32,"column":48}},"16":{"start":{"line":33,"column":10},"end":{"line":33,"column":16}},"17":{"start":{"line":38,"column":4},"end":{"line":53,"column":5}},"18":{"start":{"line":39,"column":6},"end":{"line":52,"column":7}},"19":{"start":{"line":41,"column":10},"end":{"line":41,"column":47}},"20":{"start":{"line":42,"column":10},"end":{"line":42,"column":16}},"21":{"start":{"line":44,"column":10},"end":{"line":44,"column":47}},"22":{"start":{"line":45,"column":10},"end":{"line":45,"column":16}},"23":{"start":{"line":47,"column":10},"end":{"line":47,"column":48}},"24":{"start":{"line":48,"column":10},"end":{"line":48,"column":16}},"25":{"start":{"line":50,"column":10},"end":{"line":50,"column":48}},"26":{"start":{"line":51,"column":10},"end":{"line":51,"column":16}},"27":{"start":{"line":59,"column":4},"end":{"line":90,"column":5}},"28":{"start":{"line":60,"column":6},"end":{"line":89,"column":7}},"29":{"start":{"line":62,"column":10},"end":{"line":67,"column":11}},"30":{"start":{"line":63,"column":12},"end":{"line":63,"column":18}},"31":{"start":{"line":65,"column":12},"end":{"line":65,"column":42}},"32":{"start":{"line":66,"column":12},"end":{"line":66,"column":18}},"33":{"start":{"line":69,"column":10},"end":{"line":74,"column":11}},"34":{"start":{"line":70,"column":12},"end":{"line":70,"column":18}},"35":{"start":{"line":72,"column":12},"end":{"line":72,"column":42}},"36":{"start":{"line":73,"column":12},"end":{"line":73,"column":18}},"37":{"start":{"line":76,"column":10},"end":{"line":81,"column":11}},"38":{"start":{"line":77,"column":12},"end":{"line":77,"column":18}},"39":{"start":{"line":79,"column":12},"end":{"line":79,"column":42}},"40":{"start":{"line":80,"column":12},"end":{"line":80,"column":18}},"41":{"start":{"line":83,"column":10},"end":{"line":88,"column":11}},"42":{"start":{"line":84,"column":12},"end":{"line":84,"column":18}},"43":{"start":{"line":86,"column":12},"end":{"line":86,"column":42}},"44":{"start":{"line":87,"column":12},"end":{"line":87,"column":18}},"45":{"start":{"line":93,"column":4},"end":{"line":95,"column":5}},"46":{"start":{"line":94,"column":6},"end":{"line":94,"column":28}},"47":{"start":{"line":99,"column":40},"end":{"line":170,"column":1}},"48":{"start":{"line":100,"column":2},"end":{"line":169,"column":4}},"49":{"start":{"line":102,"column":25},"end":{"line":107,"column":5}},"50":{"start":{"line":110,"column":21},"end":{"line":110,"column":48}},"51":{"start":{"line":111,"column":4},"end":{"line":114,"column":5}},"52":{"start":{"line":112,"column":6},"end":{"line":112,"column":72}},"53":{"start":{"line":113,"column":6},"end":{"line":113,"column":13}},"54":{"start":{"line":117,"column":25},"end":{"line":120,"column":17}},"55":{"start":{"line":123,"column":27},"end":{"line":123,"column":62}},"56":{"start":{"line":124,"column":4},"end":{"line":126,"column":5}},"57":{"start":{"line":125,"column":6},"end":{"line":125,"column":60}},"58":{"start":{"line":133,"column":24},"end":{"line":133,"column":52}},"59":{"start":{"line":135,"column":4},"end":{"line":135,"column":32}},"60":{"start":{"line":136,"column":4},"end":{"line":156,"column":5}},"61":{"start":{"line":144,"column":6},"end":{"line":149,"column":8}},"62":{"start":{"line":152,"column":6},"end":{"line":154,"column":8}},"63":{"start":{"line":155,"column":6},"end":{"line":155,"column":13}},"64":{"start":{"line":159,"column":4},"end":{"line":159,"column":68}},"65":{"start":{"line":162,"column":4},"end":{"line":168,"column":5}},"66":{"start":{"line":163,"column":6},"end":{"line":163,"column":50}},"67":{"start":{"line":165,"column":6},"end":{"line":167,"column":8}},"68":{"start":{"line":172,"column":27},"end":{"line":177,"column":1}},"69":{"start":{"line":173,"column":2},"end":{"line":176,"column":4}},"70":{"start":{"line":179,"column":33},"end":{"line":181,"column":2}},"71":{"start":{"line":179,"column":40},"end":{"line":181,"column":1}}},"fnMap":{"0":{"name":"(anonymous_0)","decl":{"start":{"line":4,"column":39},"end":{"line":4,"column":40}},"loc":{"start":{"line":4,"column":49},"end":{"line":7,"column":1}},"line":4},"1":{"name":"(anonymous_1)","decl":{"start":{"line":10,"column":26},"end":{"line":10,"column":27}},"loc":{"start":{"line":10,"column":45},"end":{"line":13,"column":1}},"line":10},"2":{"name":"(anonymous_2)","decl":{"start":{"line":16,"column":23},"end":{"line":16,"column":24}},"loc":{"start":{"line":16,"column":59},"end":{"line":97,"column":1}},"line":16},"3":{"name":"(anonymous_3)","decl":{"start":{"line":99,"column":40},"end":{"line":99,"column":41}},"loc":{"start":{"line":99,"column":57},"end":{"line":170,"column":1}},"line":99},"4":{"name":"(anonymous_4)","decl":{"start":{"line":100,"column":9},"end":{"line":100,"column":10}},"loc":{"start":{"line":100,"column":21},"end":{"line":169,"column":3}},"line":100},"5":{"name":"(anonymous_5)","decl":{"start":{"line":172,"column":27},"end":{"line":172,"column":28}},"loc":{"start":{"line":172,"column":36},"end":{"line":177,"column":1}},"line":172},"6":{"name":"(anonymous_6)","decl":{"start":{"line":179,"column":33},"end":{"line":179,"column":34}},"loc":{"start":{"line":179,"column":40},"end":{"line":181,"column":1}},"line":179}},"branchMap":{"0":{"loc":{"start":{"line":20,"column":4},"end":{"line":35,"column":5}},"type":"if","locations":[{"start":{"line":20,"column":4},"end":{"line":35,"column":5}},{"start":{"line":20,"column":4},"end":{"line":35,"column":5}}],"line":20},"1":{"loc":{"start":{"line":21,"column":6},"end":{"line":34,"column":7}},"type":"switch","locations":[{"start":{"line":22,"column":8},"end":{"line":24,"column":16}},{"start":{"line":25,"column":8},"end":{"line":27,"column":16}},{"start":{"line":28,"column":8},"end":{"line":30,"column":16}},{"start":{"line":31,"column":8},"end":{"line":33,"column":16}}],"line":21},"2":{"loc":{"start":{"line":38,"column":4},"end":{"line":53,"column":5}},"type":"if","locations":[{"start":{"line":38,"column":4},"end":{"line":53,"column":5}},{"start":{"line":38,"column":4},"end":{"line":53,"column":5}}],"line":38},"3":{"loc":{"start":{"line":39,"column":6},"end":{"line":52,"column":7}},"type":"switch","locations":[{"start":{"line":40,"column":8},"end":{"line":42,"column":16}},{"start":{"line":43,"column":8},"end":{"line":45,"column":16}},{"start":{"line":46,"column":8},"end":{"line":48,"column":16}},{"start":{"line":49,"column":8},"end":{"line":51,"column":16}}],"line":39},"4":{"loc":{"start":{"line":59,"column":4},"end":{"line":90,"column":5}},"type":"if","locations":[{"start":{"line":59,"column":4},"end":{"line":90,"column":5}},{"start":{"line":59,"column":4},"end":{"line":90,"column":5}}],"line":59},"5":{"loc":{"start":{"line":60,"column":6},"end":{"line":89,"column":7}},"type":"switch","locations":[{"start":{"line":61,"column":8},"end":{"line":67,"column":11}},{"start":{"line":68,"column":8},"end":{"line":74,"column":11}},{"start":{"line":75,"column":8},"end":{"line":81,"column":11}},{"start":{"line":82,"column":8},"end":{"line":88,"column":11}}],"line":60},"6":{"loc":{"start":{"line":62,"column":10},"end":{"line":67,"column":11}},"type":"if","locations":[{"start":{"line":62,"column":10},"end":{"line":67,"column":11}},{"start":{"line":62,"column":10},"end":{"line":67,"column":11}}],"line":62},"7":{"loc":{"start":{"line":69,"column":10},"end":{"line":74,"column":11}},"type":"if","locations":[{"start":{"line":69,"column":10},"end":{"line":74,"column":11}},{"start":{"line":69,"column":10},"end":{"line":74,"column":11}}],"line":69},"8":{"loc":{"start":{"line":76,"column":10},"end":{"line":81,"column":11}},"type":"if","locations":[{"start":{"line":76,"column":10},"end":{"line":81,"column":11}},{"start":{"line":76,"column":10},"end":{"line":81,"column":11}}],"line":76},"9":{"loc":{"start":{"line":83,"column":10},"end":{"line":88,"column":11}},"type":"if","locations":[{"start":{"line":83,"column":10},"end":{"line":88,"column":11}},{"start":{"line":83,"column":10},"end":{"line":88,"column":11}}],"line":83},"10":{"loc":{"start":{"line":93,"column":4},"end":{"line":95,"column":5}},"type":"if","locations":[{"start":{"line":93,"column":4},"end":{"line":95,"column":5}},{"start":{"line":93,"column":4},"end":{"line":95,"column":5}}],"line":93},"11":{"loc":{"start":{"line":111,"column":4},"end":{"line":114,"column":5}},"type":"if","locations":[{"start":{"line":111,"column":4},"end":{"line":114,"column":5}},{"start":{"line":111,"column":4},"end":{"line":114,"column":5}}],"line":111},"12":{"loc":{"start":{"line":124,"column":4},"end":{"line":126,"column":5}},"type":"if","locations":[{"start":{"line":124,"column":4},"end":{"line":126,"column":5}},{"start":{"line":124,"column":4},"end":{"line":126,"column":5}}],"line":124},"13":{"loc":{"start":{"line":136,"column":4},"end":{"line":156,"column":5}},"type":"if","locations":[{"start":{"line":136,"column":4},"end":{"line":156,"column":5}},{"start":{"line":136,"column":4},"end":{"line":156,"column":5}}],"line":136},"14":{"loc":{"start":{"line":137,"column":6},"end":{"line":142,"column":32}},"type":"binary-expr","locations":[{"start":{"line":137,"column":6},"end":{"line":137,"column":27}},{"start":{"line":138,"column":6},"end":{"line":138,"column":27}},{"start":{"line":139,"column":6},"end":{"line":139,"column":27}},{"start":{"line":140,"column":6},"end":{"line":140,"column":27}},{"start":{"line":141,"column":6},"end":{"line":141,"column":73}},{"start":{"line":142,"column":6},"end":{"line":142,"column":32}}],"line":137},"15":{"loc":{"start":{"line":162,"column":4},"end":{"line":168,"column":5}},"type":"if","locations":[{"start":{"line":162,"column":4},"end":{"line":168,"column":5}},{"start":{"line":162,"column":4},"end":{"line":168,"column":5}}],"line":162}},"s":{"0":3,"1":3,"2":3,"3":2,"4":3,"5":3,"6":3,"7":107,"8":7,"9":1,"10":1,"11":2,"12":2,"13":2,"14":2,"15":2,"16":2,"17":107,"18":8,"19":1,"20":1,"21":2,"22":2,"23":3,"24":3,"25":2,"26":2,"27":107,"28":30,"29":11,"30":5,"31":6,"32":6,"33":8,"34":2,"35":6,"36":6,"37":5,"38":1,"39":4,"40":4,"41":6,"42":1,"43":5,"44":5,"45":107,"46":2,"47":3,"48":6,"49":5,"50":5,"51":5,"52":1,"53":1,"54":4,"55":4,"56":4,"57":4,"58":4,"59":4,"60":4,"61":3,"62":1,"63":1,"64":3,"65":3,"66":2,"67":1,"68":3,"69":3,"70":3,"71":3},"f":{"0":3,"1":2,"2":3,"3":6,"4":5,"5":3,"6":3},"b":{"0":[7,100],"1":[1,2,2,2],"2":[8,99],"3":[1,2,3,2],"4":[30,77],"5":[11,8,5,6],"6":[5,6],"7":[2,6],"8":[1,4],"9":[1,5],"10":[2,105],"11":[1,4],"12":[4,0],"13":[3,1],"14":[4,4,4,3,3,3],"15":[2,1]},"_coverageSchema":"43e27e138ebf9cfc5966b082cf9a028302ed4184","hash":"eb92c91baecebf29ce3bed46a55a9d4b3d10a95b"}
,"/Users/Allen/Desktop/pacman/src/components/InputForm/store/constants.js": {"path":"/Users/Allen/Desktop/pacman/src/components/InputForm/store/constants.js","statementMap":{"0":{"start":{"line":1,"column":34},"end":{"line":1,"column":52}},"1":{"start":{"line":2,"column":36},"end":{"line":2,"column":56}},"2":{"start":{"line":3,"column":36},"end":{"line":3,"column":56}},"3":{"start":{"line":4,"column":27},"end":{"line":4,"column":39}}},"fnMap":{},"branchMap":{},"s":{"0":3,"1":3,"2":3,"3":3},"f":{},"b":{},"_coverageSchema":"43e27e138ebf9cfc5966b082cf9a028302ed4184","hash":"9c95acf5c8ed2b0f4d0b1e561f1fbc32edd03814"}
,"/Users/Allen/Desktop/pacman/src/components/InputForm/store/index.js": {"path":"/Users/Allen/Desktop/pacman/src/components/InputForm/store/index.js","statementMap":{},"fnMap":{},"branchMap":{},"s":{},"f":{},"b":{},"_coverageSchema":"43e27e138ebf9cfc5966b082cf9a028302ed4184","hash":"868dac28bfb5eaaa0b662972b9fab87b5eb3edb7"}
,"/Users/Allen/Desktop/pacman/src/components/InputForm/store/reducer.js": {"path":"/Users/Allen/Desktop/pacman/src/components/InputForm/store/reducer.js","statementMap":{"0":{"start":{"line":4,"column":21},"end":{"line":11,"column":2}},"1":{"start":{"line":14,"column":2},"end":{"line":32,"column":3}},"2":{"start":{"line":16,"column":6},"end":{"line":16,"column":67}},"3":{"start":{"line":19,"column":6},"end":{"line":22,"column":9}},"4":{"start":{"line":25,"column":6},"end":{"line":25,"column":46}},"5":{"start":{"line":28,"column":6},"end":{"line":28,"column":26}},"6":{"start":{"line":31,"column":6},"end":{"line":31,"column":19}}},"fnMap":{"0":{"name":"(anonymous_0)","decl":{"start":{"line":13,"column":15},"end":{"line":13,"column":16}},"loc":{"start":{"line":13,"column":49},"end":{"line":33,"column":1}},"line":13}},"branchMap":{"0":{"loc":{"start":{"line":13,"column":16},"end":{"line":13,"column":36}},"type":"default-arg","locations":[{"start":{"line":13,"column":24},"end":{"line":13,"column":36}}],"line":13},"1":{"loc":{"start":{"line":14,"column":2},"end":{"line":32,"column":3}},"type":"switch","locations":[{"start":{"line":15,"column":4},"end":{"line":16,"column":67}},{"start":{"line":18,"column":4},"end":{"line":22,"column":9}},{"start":{"line":24,"column":4},"end":{"line":25,"column":46}},{"start":{"line":27,"column":4},"end":{"line":28,"column":26}},{"start":{"line":30,"column":4},"end":{"line":31,"column":19}}],"line":14}},"s":{"0":3,"1":5,"2":1,"3":1,"4":1,"5":1,"6":1},"f":{"0":5},"b":{"0":[1],"1":[1,1,1,1,1]},"_coverageSchema":"43e27e138ebf9cfc5966b082cf9a028302ed4184","hash":"f6350ac2abe107b3e09ab7ab10618d92c50f434a"}
}
