TN:
SF:/Users/Allen/Desktop/pacman/src/components/InputForm/InputForm.js
FN:8,(anonymous_0)
FN:54,(anonymous_1)
FN:82,(anonymous_2)
FN:91,(anonymous_3)
FN:92,(anonymous_4)
FN:96,(anonymous_5)
FN:99,(anonymous_6)
FNF:7
FNH:7
FNDA:6,(anonymous_0)
FNDA:1,(anonymous_1)
FNDA:6,(anonymous_2)
FNDA:3,(anonymous_3)
FNDA:1,(anonymous_4)
FNDA:1,(anonymous_5)
FNDA:1,(anonymous_6)
DA:8,1
DA:19,6
DA:54,1
DA:82,6
DA:91,3
DA:93,1
DA:94,1
DA:97,1
DA:100,1
DA:104,1
LF:10
LH:10
BRDA:69,0,0,3
BRDA:69,0,1,3
BRDA:71,1,0,6
BRDA:71,1,1,6
BRDA:71,1,2,3
BRDA:76,2,0,6
BRDA:76,2,1,3
BRF:7
BRH:7
end_of_record
TN:
SF:/Users/Allen/Desktop/pacman/src/components/InputForm/store/actionCreators.js
FN:4,(anonymous_0)
FN:10,(anonymous_1)
FN:16,(anonymous_2)
FN:22,(anonymous_3)
FN:109,(anonymous_4)
FN:109,(anonymous_5)
FN:178,(anonymous_6)
FNF:7
FNH:7
FNDA:3,(anonymous_0)
FNDA:2,(anonymous_1)
FNDA:3,(anonymous_2)
FNDA:3,(anonymous_3)
FNDA:6,(anonymous_4)
FNDA:5,(anonymous_5)
FNDA:3,(anonymous_6)
DA:4,3
DA:10,3
DA:16,3
DA:22,3
DA:23,3
DA:26,3
DA:28,107
DA:30,7
DA:32,1
DA:33,1
DA:35,2
DA:36,2
DA:38,2
DA:39,2
DA:41,2
DA:42,2
DA:47,107
DA:48,8
DA:50,1
DA:51,1
DA:53,2
DA:54,2
DA:56,3
DA:57,3
DA:59,2
DA:60,2
DA:68,107
DA:69,30
DA:71,11
DA:72,5
DA:74,6
DA:75,6
DA:78,8
DA:79,2
DA:81,6
DA:82,6
DA:85,5
DA:86,1
DA:88,4
DA:89,4
DA:92,6
DA:93,1
DA:95,5
DA:96,5
DA:102,107
DA:103,2
DA:109,6
DA:111,5
DA:119,5
DA:120,5
DA:121,1
DA:122,1
DA:126,4
DA:132,4
DA:133,4
DA:134,4
DA:142,4
DA:143,4
DA:151,3
DA:159,1
DA:162,1
DA:166,3
DA:169,3
DA:170,2
DA:172,1
DA:178,3
LF:66
LH:66
BRDA:28,0,0,7
BRDA:28,0,1,100
BRDA:30,1,0,1
BRDA:30,1,1,2
BRDA:30,1,2,2
BRDA:30,1,3,2
BRDA:47,2,0,8
BRDA:47,2,1,99
BRDA:48,3,0,1
BRDA:48,3,1,2
BRDA:48,3,2,3
BRDA:48,3,3,2
BRDA:68,4,0,30
BRDA:68,4,1,77
BRDA:69,5,0,11
BRDA:69,5,1,8
BRDA:69,5,2,5
BRDA:69,5,3,6
BRDA:71,6,0,5
BRDA:71,6,1,6
BRDA:78,7,0,2
BRDA:78,7,1,6
BRDA:85,8,0,1
BRDA:85,8,1,4
BRDA:92,9,0,1
BRDA:92,9,1,5
BRDA:102,10,0,2
BRDA:102,10,1,105
BRDA:120,11,0,1
BRDA:120,11,1,4
BRDA:133,12,0,4
BRDA:133,12,1,0
BRDA:143,13,0,3
BRDA:143,13,1,1
BRDA:144,14,0,4
BRDA:144,14,1,4
BRDA:144,14,2,4
BRDA:144,14,3,3
BRDA:144,14,4,3
BRDA:144,14,5,3
BRDA:169,15,0,2
BRDA:169,15,1,1
BRF:42
BRH:41
end_of_record
TN:
SF:/Users/Allen/Desktop/pacman/src/components/InputForm/store/constants.js
FNF:0
FNH:0
DA:1,3
DA:2,3
DA:3,3
DA:4,3
LF:4
LH:4
BRF:0
BRH:0
end_of_record
TN:
SF:/Users/Allen/Desktop/pacman/src/components/InputForm/store/index.js
FNF:0
FNH:0
LF:0
LH:0
BRF:0
BRH:0
end_of_record
TN:
SF:/Users/Allen/Desktop/pacman/src/components/InputForm/store/reducer.js
FN:13,(anonymous_0)
FNF:1
FNH:1
FNDA:5,(anonymous_0)
DA:4,3
DA:14,5
DA:16,1
DA:19,1
DA:25,1
DA:28,1
DA:31,1
LF:7
LH:7
BRDA:13,0,0,1
BRDA:14,1,0,1
BRDA:14,1,1,1
BRDA:14,1,2,1
BRDA:14,1,3,1
BRDA:14,1,4,1
BRF:6
BRH:6
end_of_record
