TN:
SF:/Users/Allen/Desktop/pacman/src/components/InputForm/InputForm.js
FN:8,(anonymous_0)
FN:35,(anonymous_1)
FN:63,(anonymous_2)
FN:72,(anonymous_3)
FN:73,(anonymous_4)
FN:77,(anonymous_5)
FN:80,(anonymous_6)
FNF:7
FNH:7
FNDA:6,(anonymous_0)
FNDA:1,(anonymous_1)
FNDA:6,(anonymous_2)
FNDA:3,(anonymous_3)
FNDA:1,(anonymous_4)
FNDA:1,(anonymous_5)
FNDA:1,(anonymous_6)
DA:8,1
DA:19,6
DA:35,1
DA:63,6
DA:72,3
DA:74,1
DA:75,1
DA:78,1
DA:81,1
DA:85,1
LF:10
LH:10
BRDA:50,0,0,3
BRDA:50,0,1,3
BRDA:52,1,0,6
BRDA:52,1,1,6
BRDA:52,1,2,3
BRDA:57,2,0,6
BRDA:57,2,1,3
BRF:7
BRH:7
end_of_record
TN:
SF:/Users/Allen/Desktop/pacman/src/components/InputForm/store/actionCreators.js
FN:4,(anonymous_0)
FN:10,(anonymous_1)
FN:16,(anonymous_2)
FN:99,(anonymous_3)
FN:100,(anonymous_4)
FN:172,(anonymous_5)
FN:179,(anonymous_6)
FNF:7
FNH:7
FNDA:3,(anonymous_0)
FNDA:2,(anonymous_1)
FNDA:3,(anonymous_2)
FNDA:6,(anonymous_3)
FNDA:5,(anonymous_4)
FNDA:3,(anonymous_5)
FNDA:3,(anonymous_6)
DA:4,3
DA:10,3
DA:16,3
DA:18,3
DA:20,107
DA:21,7
DA:23,1
DA:24,1
DA:26,2
DA:27,2
DA:29,2
DA:30,2
DA:32,2
DA:33,2
DA:38,107
DA:39,8
DA:41,1
DA:42,1
DA:44,2
DA:45,2
DA:47,3
DA:48,3
DA:50,2
DA:51,2
DA:59,107
DA:60,30
DA:62,11
DA:63,5
DA:65,6
DA:66,6
DA:69,8
DA:70,2
DA:72,6
DA:73,6
DA:76,5
DA:77,1
DA:79,4
DA:80,4
DA:83,6
DA:84,1
DA:86,5
DA:87,5
DA:93,107
DA:94,2
DA:99,3
DA:100,6
DA:102,5
DA:110,5
DA:111,5
DA:112,1
DA:113,1
DA:117,4
DA:123,4
DA:124,4
DA:125,4
DA:133,4
DA:135,4
DA:136,4
DA:144,3
DA:152,1
DA:155,1
DA:159,3
DA:162,3
DA:163,2
DA:165,1
DA:172,3
DA:173,3
DA:179,3
LF:68
LH:68
BRDA:20,0,0,7
BRDA:20,0,1,100
BRDA:21,1,0,1
BRDA:21,1,1,2
BRDA:21,1,2,2
BRDA:21,1,3,2
BRDA:38,2,0,8
BRDA:38,2,1,99
BRDA:39,3,0,1
BRDA:39,3,1,2
BRDA:39,3,2,3
BRDA:39,3,3,2
BRDA:59,4,0,30
BRDA:59,4,1,77
BRDA:60,5,0,11
BRDA:60,5,1,8
BRDA:60,5,2,5
BRDA:60,5,3,6
BRDA:62,6,0,5
BRDA:62,6,1,6
BRDA:69,7,0,2
BRDA:69,7,1,6
BRDA:76,8,0,1
BRDA:76,8,1,4
BRDA:83,9,0,1
BRDA:83,9,1,5
BRDA:93,10,0,2
BRDA:93,10,1,105
BRDA:111,11,0,1
BRDA:111,11,1,4
BRDA:124,12,0,4
BRDA:124,12,1,0
BRDA:136,13,0,3
BRDA:136,13,1,1
BRDA:137,14,0,4
BRDA:137,14,1,4
BRDA:137,14,2,4
BRDA:137,14,3,3
BRDA:137,14,4,3
BRDA:137,14,5,3
BRDA:162,15,0,2
BRDA:162,15,1,1
BRF:42
BRH:41
end_of_record
TN:
SF:/Users/Allen/Desktop/pacman/src/components/InputForm/store/constants.js
FNF:0
FNH:0
DA:1,3
DA:2,3
DA:3,3
DA:4,3
LF:4
LH:4
BRF:0
BRH:0
end_of_record
TN:
SF:/Users/Allen/Desktop/pacman/src/components/InputForm/store/index.js
FNF:0
FNH:0
LF:0
LH:0
BRF:0
BRH:0
end_of_record
TN:
SF:/Users/Allen/Desktop/pacman/src/components/InputForm/store/reducer.js
FN:13,(anonymous_0)
FNF:1
FNH:1
FNDA:5,(anonymous_0)
DA:4,3
DA:14,5
DA:16,1
DA:19,1
DA:25,1
DA:28,1
DA:31,1
LF:7
LH:7
BRDA:13,0,0,1
BRDA:14,1,0,1
BRDA:14,1,1,1
BRDA:14,1,2,1
BRDA:14,1,3,1
BRDA:14,1,4,1
BRF:6
BRH:6
end_of_record
